<?xml version="1.0" encoding="UTF-8"?>
<!-- Generated by org.testng.reporters.JUnitReportReporter -->
<testsuite hostname="LAPTOP-E5V544TN" name="com.autopilot.TestCases.ProcessDefPageTest" tests="1" failures="0" timestamp="24 Jul 2018 07:45:56 GMT" time="62.056" errors="0">
  <testcase name="CreateProcessBasicDetailsTest" time="62.056" classname="com.autopilot.TestCases.ProcessDefPageTest"/>
</testsuite> <!-- com.autopilot.TestCases.ProcessDefPageTest -->
