<?xml version="1.0" encoding="UTF-8"?>
<!-- Generated by org.testng.reporters.JUnitReportReporter -->
<testsuite hostname="LAPTOP-E5V544TN" name="com.autopilot.TestCases.LoginPageTest" tests="2" failures="0" timestamp="7 Jul 2018 12:07:04 GMT" time="122.392" errors="0">
  <testcase name="loginPageTitleTest" time="78.710" classname="com.autopilot.TestCases.LoginPageTest"/>
  <testcase name="loginTest" time="43.682" classname="com.autopilot.TestCases.LoginPageTest"/>
</testsuite> <!-- com.autopilot.TestCases.LoginPageTest -->
