<?xml version="1.0" encoding="UTF-8"?>
<!-- Generated by org.testng.reporters.JUnitReportReporter -->
<testsuite hostname="LAPTOP-E5V544TN" name="com.autopilot.TestCases.LoginPageTest" tests="2" failures="0" timestamp="24 Jul 2018 06:41:06 GMT" time="46.366" errors="0">
  <testcase name="loginTest" time="30.317" classname="com.autopilot.TestCases.LoginPageTest"/>
  <testcase name="loginPageTitleTest" time="16.049" classname="com.autopilot.TestCases.LoginPageTest"/>
</testsuite> <!-- com.autopilot.TestCases.LoginPageTest -->
