<?xml version="1.0" encoding="UTF-8"?>
<!-- Generated by org.testng.reporters.JUnitReportReporter -->
<testsuite hostname="LAPTOP-E5V544TN" name="com.autopilot.TestCases.LoginPageTest" tests="2" failures="0" timestamp="5 Jul 2018 05:40:45 GMT" time="50.211" errors="0">
  <testcase name="loginTest" time="34.992" classname="com.autopilot.TestCases.LoginPageTest"/>
  <testcase name="loginPageTitleTest" time="15.219" classname="com.autopilot.TestCases.LoginPageTest"/>
</testsuite> <!-- com.autopilot.TestCases.LoginPageTest -->
