<?xml version="1.0" encoding="UTF-8"?>
<!-- Generated by org.testng.reporters.JUnitReportReporter -->
<testsuite hostname="LAPTOP-E5V544TN" name="com.autopilot.TestCases.ProcessDefPageTest" tests="1" failures="0" timestamp="28 Jul 2018 05:20:28 GMT" time="82.203" errors="0">
  <testcase name="CreateProcessBasicDetailsTest" time="82.203" classname="com.autopilot.TestCases.ProcessDefPageTest"/>
</testsuite> <!-- com.autopilot.TestCases.ProcessDefPageTest -->
