<?xml version="1.0" encoding="UTF-8"?>
<!-- Generated by org.testng.reporters.JUnitReportReporter -->
<testsuite hostname="LAPTOP-E5V544TN" name="com.autopilot.TestCases.LoginPageTest" tests="2" failures="0" timestamp="4 Oct 2018 11:00:20 GMT" time="50.685" errors="0">
  <testcase name="loginTest" time="33.163" classname="com.autopilot.TestCases.LoginPageTest"/>
  <testcase name="loginPageTitleTest" time="17.522" classname="com.autopilot.TestCases.LoginPageTest"/>
</testsuite> <!-- com.autopilot.TestCases.LoginPageTest -->
