<?xml version="1.0" encoding="UTF-8"?>
<!-- Generated by org.testng.reporters.JUnitReportReporter -->
<testsuite hostname="LAPTOP-E5V544TN" name="com.autopilot.TestCases.ProcessDefPageTest" tests="1" failures="0" timestamp="5 Jul 2018 05:40:45 GMT" time="71.655" errors="0">
  <testcase name="CreateProcessBasicDetailsTest" time="71.655" classname="com.autopilot.TestCases.ProcessDefPageTest"/>
</testsuite> <!-- com.autopilot.TestCases.ProcessDefPageTest -->
