<?xml version="1.0" encoding="UTF-8"?>
<!-- Generated by org.testng.reporters.JUnitReportReporter -->
<testsuite hostname="LAPTOP-E5V544TN" name="com.autopilot.TestCases.ProcessDefPageTest" tests="1" failures="0" timestamp="2 Nov 2018 10:40:01 GMT" time="113.677" errors="0">
  <testcase name="CreateProcessBasicDetailsTest" time="113.677" classname="com.autopilot.TestCases.ProcessDefPageTest"/>
</testsuite> <!-- com.autopilot.TestCases.ProcessDefPageTest -->
